{"C:\\Users\\Usuario\\Documents\\GitHub\\HOTEL-MANAGEMENT\\database.js": {"path":"C:\\Users\\Usuario\\Documents\\GitHub\\HOTEL-MANAGEMENT\\database.js","statementMap":{"0":{"start":{"line":1,"column":22},"end":{"line":1,"column":42}},"1":{"start":{"line":2,"column":0},"end":{"line":2,"column":27}},"2":{"start":{"line":4,"column":18},"end":{"line":24,"column":1}},"3":{"start":{"line":26,"column":0},"end":{"line":29,"column":77}},"4":{"start":{"line":28,"column":14},"end":{"line":28,"column":59}},"5":{"start":{"line":29,"column":16},"end":{"line":29,"column":75}},"6":{"start":{"line":31,"column":0},"end":{"line":31,"column":27}}},"fnMap":{"0":{"name":"(anonymous_0)","decl":{"start":{"line":28,"column":8},"end":{"line":28,"column":9}},"loc":{"start":{"line":28,"column":14},"end":{"line":28,"column":59}},"line":28},"1":{"name":"(anonymous_1)","decl":{"start":{"line":29,"column":9},"end":{"line":29,"column":10}},"loc":{"start":{"line":29,"column":16},"end":{"line":29,"column":75}},"line":29}},"branchMap":{"0":{"loc":{"start":{"line":10,"column":10},"end":{"line":10,"column":37}},"type":"binary-expr","locations":[{"start":{"line":10,"column":10},"end":{"line":10,"column":29}},{"start":{"line":10,"column":33},"end":{"line":10,"column":37}}],"line":10},"1":{"loc":{"start":{"line":11,"column":13},"end":{"line":11,"column":46}},"type":"binary-expr","locations":[{"start":{"line":11,"column":13},"end":{"line":11,"column":35}},{"start":{"line":11,"column":39},"end":{"line":11,"column":46}}],"line":11}},"s":{"0":1,"1":1,"2":1,"3":1,"4":1,"5":0,"6":1},"f":{"0":1,"1":0},"b":{"0":[1,1],"1":[1,0]},"_coverageSchema":"1a1c01bbd47fc00a2c39e90264f33305004495a9","hash":"a68c2e23a5c2d3ebd3feb0d35bab7ad945469512"}
,"C:\\Users\\Usuario\\Documents\\GitHub\\HOTEL-MANAGEMENT\\server.js": {"path":"C:\\Users\\Usuario\\Documents\\GitHub\\HOTEL-MANAGEMENT\\server.js","statementMap":{"0":{"start":{"line":2,"column":16},"end":{"line":2,"column":34}},"1":{"start":{"line":3,"column":12},"end":{"line":3,"column":21}},"2":{"start":{"line":4,"column":11},"end":{"line":4,"column":30}},"3":{"start":{"line":5,"column":23},"end":{"line":5,"column":58}},"4":{"start":{"line":7,"column":0},"end":{"line":7,"column":24}},"5":{"start":{"line":8,"column":0},"end":{"line":8,"column":37}},"6":{"start":{"line":10,"column":13},"end":{"line":10,"column":37}},"7":{"start":{"line":12,"column":0},"end":{"line":21,"column":5}},"8":{"start":{"line":14,"column":4},"end":{"line":14,"column":48}},"9":{"start":{"line":15,"column":4},"end":{"line":17,"column":7}},"10":{"start":{"line":16,"column":6},"end":{"line":16,"column":71}},"11":{"start":{"line":20,"column":4},"end":{"line":20,"column":69}},"12":{"start":{"line":23,"column":0},"end":{"line":23,"column":21}}},"fnMap":{"0":{"name":"(anonymous_0)","decl":{"start":{"line":13,"column":8},"end":{"line":13,"column":9}},"loc":{"start":{"line":13,"column":14},"end":{"line":18,"column":3}},"line":13},"1":{"name":"(anonymous_1)","decl":{"start":{"line":15,"column":21},"end":{"line":15,"column":22}},"loc":{"start":{"line":15,"column":27},"end":{"line":17,"column":5}},"line":15},"2":{"name":"(anonymous_2)","decl":{"start":{"line":19,"column":9},"end":{"line":19,"column":10}},"loc":{"start":{"line":19,"column":18},"end":{"line":21,"column":3}},"line":19}},"branchMap":{"0":{"loc":{"start":{"line":10,"column":13},"end":{"line":10,"column":37}},"type":"binary-expr","locations":[{"start":{"line":10,"column":13},"end":{"line":10,"column":29}},{"start":{"line":10,"column":33},"end":{"line":10,"column":37}}],"line":10},"1":{"loc":{"start":{"line":12,"column":27},"end":{"line":12,"column":73}},"type":"cond-expr","locations":[{"start":{"line":12,"column":61},"end":{"line":12,"column":65}},{"start":{"line":12,"column":68},"end":{"line":12,"column":73}}],"line":12}},"s":{"0":1,"1":1,"2":1,"3":1,"4":1,"5":1,"6":1,"7":1,"8":1,"9":1,"10":1,"11":0,"12":1},"f":{"0":1,"1":1,"2":0},"b":{"0":[1,0],"1":[1,0]},"_coverageSchema":"1a1c01bbd47fc00a2c39e90264f33305004495a9","hash":"026190e6e5a7ef3b3011153418eb861324cfdd03"}
,"C:\\Users\\Usuario\\Documents\\GitHub\\HOTEL-MANAGEMENT\\controllers\\reservas.controller.js": {"path":"C:\\Users\\Usuario\\Documents\\GitHub\\HOTEL-MANAGEMENT\\controllers\\reservas.controller.js","statementMap":{"0":{"start":{"line":1,"column":32},"end":{"line":1,"column":52}},"1":{"start":{"line":3,"column":0},"end":{"line":38,"column":2}},"2":{"start":{"line":4,"column":2},"end":{"line":37,"column":3}},"3":{"start":{"line":5,"column":75},"end":{"line":5,"column":83}},"4":{"start":{"line":8,"column":4},"end":{"line":10,"column":5}},"5":{"start":{"line":9,"column":6},"end":{"line":9,"column":82}},"6":{"start":{"line":13,"column":23},"end":{"line":13,"column":62}},"7":{"start":{"line":14,"column":4},"end":{"line":16,"column":5}},"8":{"start":{"line":15,"column":6},"end":{"line":15,"column":72}},"9":{"start":{"line":17,"column":4},"end":{"line":19,"column":5}},"10":{"start":{"line":18,"column":6},"end":{"line":18,"column":81}},"11":{"start":{"line":22,"column":25},"end":{"line":28,"column":6}},"12":{"start":{"line":31,"column":4},"end":{"line":31,"column":51}},"13":{"start":{"line":33,"column":4},"end":{"line":33,"column":52}},"14":{"start":{"line":35,"column":4},"end":{"line":35,"column":53}},"15":{"start":{"line":36,"column":4},"end":{"line":36,"column":67}},"16":{"start":{"line":40,"column":0},"end":{"line":51,"column":2}},"17":{"start":{"line":41,"column":2},"end":{"line":50,"column":3}},"18":{"start":{"line":43,"column":21},"end":{"line":45,"column":6}},"19":{"start":{"line":46,"column":4},"end":{"line":46,"column":35}},"20":{"start":{"line":48,"column":4},"end":{"line":48,"column":56}},"21":{"start":{"line":49,"column":4},"end":{"line":49,"column":75}},"22":{"start":{"line":53,"column":0},"end":{"line":69,"column":2}},"23":{"start":{"line":54,"column":2},"end":{"line":68,"column":3}},"24":{"start":{"line":55,"column":19},"end":{"line":55,"column":29}},"25":{"start":{"line":56,"column":20},"end":{"line":58,"column":6}},"26":{"start":{"line":60,"column":4},"end":{"line":62,"column":5}},"27":{"start":{"line":61,"column":6},"end":{"line":61,"column":70}},"28":{"start":{"line":64,"column":4},"end":{"line":64,"column":34}},"29":{"start":{"line":66,"column":4},"end":{"line":66,"column":60}},"30":{"start":{"line":67,"column":4},"end":{"line":67,"column":69}},"31":{"start":{"line":71,"column":0},"end":{"line":87,"column":2}},"32":{"start":{"line":72,"column":2},"end":{"line":86,"column":3}},"33":{"start":{"line":73,"column":19},"end":{"line":73,"column":29}},"34":{"start":{"line":74,"column":42},"end":{"line":74,"column":50}},"35":{"start":{"line":76,"column":20},"end":{"line":76,"column":46}},"36":{"start":{"line":77,"column":4},"end":{"line":79,"column":5}},"37":{"start":{"line":78,"column":6},"end":{"line":78,"column":70}},"38":{"start":{"line":81,"column":4},"end":{"line":81,"column":56}},"39":{"start":{"line":82,"column":4},"end":{"line":82,"column":70}},"40":{"start":{"line":84,"column":4},"end":{"line":84,"column":58}},"41":{"start":{"line":85,"column":4},"end":{"line":85,"column":72}},"42":{"start":{"line":89,"column":0},"end":{"line":110,"column":2}},"43":{"start":{"line":90,"column":2},"end":{"line":109,"column":3}},"44":{"start":{"line":91,"column":19},"end":{"line":91,"column":29}},"45":{"start":{"line":93,"column":20},"end":{"line":93,"column":46}},"46":{"start":{"line":94,"column":4},"end":{"line":96,"column":5}},"47":{"start":{"line":95,"column":6},"end":{"line":95,"column":70}},"48":{"start":{"line":99,"column":23},"end":{"line":99,"column":70}},"49":{"start":{"line":100,"column":4},"end":{"line":102,"column":5}},"50":{"start":{"line":101,"column":6},"end":{"line":101,"column":56}},"51":{"start":{"line":104,"column":4},"end":{"line":104,"column":28}},"52":{"start":{"line":105,"column":4},"end":{"line":105,"column":73}},"53":{"start":{"line":107,"column":4},"end":{"line":107,"column":56}},"54":{"start":{"line":108,"column":4},"end":{"line":108,"column":70}}},"fnMap":{"0":{"name":"(anonymous_0)","decl":{"start":{"line":3,"column":23},"end":{"line":3,"column":24}},"loc":{"start":{"line":3,"column":43},"end":{"line":38,"column":1}},"line":3},"1":{"name":"(anonymous_1)","decl":{"start":{"line":40,"column":26},"end":{"line":40,"column":27}},"loc":{"start":{"line":40,"column":46},"end":{"line":51,"column":1}},"line":40},"2":{"name":"(anonymous_2)","decl":{"start":{"line":53,"column":30},"end":{"line":53,"column":31}},"loc":{"start":{"line":53,"column":50},"end":{"line":69,"column":1}},"line":53},"3":{"name":"(anonymous_3)","decl":{"start":{"line":71,"column":28},"end":{"line":71,"column":29}},"loc":{"start":{"line":71,"column":48},"end":{"line":87,"column":1}},"line":71},"4":{"name":"(anonymous_4)","decl":{"start":{"line":89,"column":26},"end":{"line":89,"column":27}},"loc":{"start":{"line":89,"column":46},"end":{"line":110,"column":1}},"line":89}},"branchMap":{"0":{"loc":{"start":{"line":8,"column":4},"end":{"line":10,"column":5}},"type":"if","locations":[{"start":{"line":8,"column":4},"end":{"line":10,"column":5}},{"start":{},"end":{}}],"line":8},"1":{"loc":{"start":{"line":8,"column":8},"end":{"line":8,"column":79}},"type":"binary-expr","locations":[{"start":{"line":8,"column":8},"end":{"line":8,"column":21}},{"start":{"line":8,"column":25},"end":{"line":8,"column":32}},{"start":{"line":8,"column":36},"end":{"line":8,"column":46}},{"start":{"line":8,"column":50},"end":{"line":8,"column":63}},{"start":{"line":8,"column":67},"end":{"line":8,"column":79}}],"line":8},"2":{"loc":{"start":{"line":14,"column":4},"end":{"line":16,"column":5}},"type":"if","locations":[{"start":{"line":14,"column":4},"end":{"line":16,"column":5}},{"start":{},"end":{}}],"line":14},"3":{"loc":{"start":{"line":17,"column":4},"end":{"line":19,"column":5}},"type":"if","locations":[{"start":{"line":17,"column":4},"end":{"line":19,"column":5}},{"start":{},"end":{}}],"line":17},"4":{"loc":{"start":{"line":60,"column":4},"end":{"line":62,"column":5}},"type":"if","locations":[{"start":{"line":60,"column":4},"end":{"line":62,"column":5}},{"start":{},"end":{}}],"line":60},"5":{"loc":{"start":{"line":77,"column":4},"end":{"line":79,"column":5}},"type":"if","locations":[{"start":{"line":77,"column":4},"end":{"line":79,"column":5}},{"start":{},"end":{}}],"line":77},"6":{"loc":{"start":{"line":94,"column":4},"end":{"line":96,"column":5}},"type":"if","locations":[{"start":{"line":94,"column":4},"end":{"line":96,"column":5}},{"start":{},"end":{}}],"line":94},"7":{"loc":{"start":{"line":100,"column":4},"end":{"line":102,"column":5}},"type":"if","locations":[{"start":{"line":100,"column":4},"end":{"line":102,"column":5}},{"start":{},"end":{}}],"line":100}},"s":{"0":1,"1":1,"2":1,"3":1,"4":1,"5":0,"6":1,"7":1,"8":0,"9":1,"10":0,"11":1,"12":1,"13":1,"14":0,"15":0,"16":1,"17":1,"18":1,"19":1,"20":0,"21":0,"22":1,"23":0,"24":0,"25":0,"26":0,"27":0,"28":0,"29":0,"30":0,"31":1,"32":0,"33":0,"34":0,"35":0,"36":0,"37":0,"38":0,"39":0,"40":0,"41":0,"42":1,"43":0,"44":0,"45":0,"46":0,"47":0,"48":0,"49":0,"50":0,"51":0,"52":0,"53":0,"54":0},"f":{"0":1,"1":1,"2":0,"3":0,"4":0},"b":{"0":[0,1],"1":[1,1,1,1,1],"2":[0,1],"3":[0,1],"4":[0,0],"5":[0,0],"6":[0,0],"7":[0,0]},"_coverageSchema":"1a1c01bbd47fc00a2c39e90264f33305004495a9","hash":"e4c05cdc6a133df0f670f9edd5526f902411f185"}
,"C:\\Users\\Usuario\\Documents\\GitHub\\HOTEL-MANAGEMENT\\models\\habitacion.js": {"path":"C:\\Users\\Usuario\\Documents\\GitHub\\HOTEL-MANAGEMENT\\models\\habitacion.js","statementMap":{"0":{"start":{"line":3,"column":0},"end":{"line":18,"column":2}},"1":{"start":{"line":4,"column":21},"end":{"line":15,"column":3}},"2":{"start":{"line":17,"column":2},"end":{"line":17,"column":20}}},"fnMap":{"0":{"name":"(anonymous_0)","decl":{"start":{"line":3,"column":17},"end":{"line":3,"column":18}},"loc":{"start":{"line":3,"column":43},"end":{"line":18,"column":1}},"line":3}},"branchMap":{},"s":{"0":1,"1":1,"2":1},"f":{"0":1},"b":{},"_coverageSchema":"1a1c01bbd47fc00a2c39e90264f33305004495a9","hash":"20b02c76251709d5b0fc695016ccd7e4db2dad37"}
,"C:\\Users\\Usuario\\Documents\\GitHub\\HOTEL-MANAGEMENT\\models\\index.js": {"path":"C:\\Users\\Usuario\\Documents\\GitHub\\HOTEL-MANAGEMENT\\models\\index.js","statementMap":{"0":{"start":{"line":3,"column":11},"end":{"line":3,"column":24}},"1":{"start":{"line":4,"column":13},"end":{"line":4,"column":28}},"2":{"start":{"line":5,"column":18},"end":{"line":5,"column":38}},"3":{"start":{"line":6,"column":18},"end":{"line":6,"column":40}},"4":{"start":{"line":8,"column":11},"end":{"line":8,"column":24}},"5":{"start":{"line":11,"column":0},"end":{"line":16,"column":5}},"6":{"start":{"line":12,"column":18},"end":{"line":12,"column":61}},"7":{"start":{"line":14,"column":18},"end":{"line":14,"column":85}},"8":{"start":{"line":15,"column":4},"end":{"line":15,"column":27}},"9":{"start":{"line":19,"column":0},"end":{"line":22,"column":1}},"10":{"start":{"line":20,"column":2},"end":{"line":20,"column":88}},"11":{"start":{"line":21,"column":2},"end":{"line":21,"column":84}},"12":{"start":{"line":24,"column":0},"end":{"line":24,"column":25}},"13":{"start":{"line":25,"column":0},"end":{"line":25,"column":20}}},"fnMap":{"0":{"name":"(anonymous_0)","decl":{"start":{"line":12,"column":10},"end":{"line":12,"column":11}},"loc":{"start":{"line":12,"column":18},"end":{"line":12,"column":61}},"line":12},"1":{"name":"(anonymous_1)","decl":{"start":{"line":13,"column":11},"end":{"line":13,"column":12}},"loc":{"start":{"line":13,"column":19},"end":{"line":16,"column":3}},"line":13}},"branchMap":{"0":{"loc":{"start":{"line":12,"column":18},"end":{"line":12,"column":61}},"type":"binary-expr","locations":[{"start":{"line":12,"column":18},"end":{"line":12,"column":37}},{"start":{"line":12,"column":41},"end":{"line":12,"column":61}}],"line":12},"1":{"loc":{"start":{"line":19,"column":0},"end":{"line":22,"column":1}},"type":"if","locations":[{"start":{"line":19,"column":0},"end":{"line":22,"column":1}},{"start":{},"end":{}}],"line":19},"2":{"loc":{"start":{"line":19,"column":4},"end":{"line":19,"column":31}},"type":"binary-expr","locations":[{"start":{"line":19,"column":4},"end":{"line":19,"column":17}},{"start":{"line":19,"column":21},"end":{"line":19,"column":31}}],"line":19}},"s":{"0":1,"1":1,"2":1,"3":1,"4":1,"5":1,"6":3,"7":2,"8":2,"9":1,"10":1,"11":1,"12":1,"13":1},"f":{"0":3,"1":2},"b":{"0":[3,2],"1":[1,0],"2":[1,1]},"_coverageSchema":"1a1c01bbd47fc00a2c39e90264f33305004495a9","hash":"a6e75451a5ad15fccca997aaf9503b315d6187eb"}
,"C:\\Users\\Usuario\\Documents\\GitHub\\HOTEL-MANAGEMENT\\models\\reserva.js": {"path":"C:\\Users\\Usuario\\Documents\\GitHub\\HOTEL-MANAGEMENT\\models\\reserva.js","statementMap":{"0":{"start":{"line":3,"column":0},"end":{"line":20,"column":2}},"1":{"start":{"line":4,"column":18},"end":{"line":17,"column":3}},"2":{"start":{"line":19,"column":2},"end":{"line":19,"column":17}}},"fnMap":{"0":{"name":"(anonymous_0)","decl":{"start":{"line":3,"column":17},"end":{"line":3,"column":18}},"loc":{"start":{"line":3,"column":43},"end":{"line":20,"column":1}},"line":3}},"branchMap":{},"s":{"0":1,"1":1,"2":1},"f":{"0":1},"b":{},"_coverageSchema":"1a1c01bbd47fc00a2c39e90264f33305004495a9","hash":"d8f02263c4b0bb43ef7e7bbbca2ec1e95668a266"}
,"C:\\Users\\Usuario\\Documents\\GitHub\\HOTEL-MANAGEMENT\\routes\\reservas.routes.js": {"path":"C:\\Users\\Usuario\\Documents\\GitHub\\HOTEL-MANAGEMENT\\routes\\reservas.routes.js","statementMap":{"0":{"start":{"line":1,"column":16},"end":{"line":1,"column":34}},"1":{"start":{"line":2,"column":15},"end":{"line":2,"column":31}},"2":{"start":{"line":3,"column":27},"end":{"line":3,"column":72}},"3":{"start":{"line":6,"column":0},"end":{"line":6,"column":50}},"4":{"start":{"line":9,"column":0},"end":{"line":9,"column":52}},"5":{"start":{"line":12,"column":0},"end":{"line":12,"column":59}},"6":{"start":{"line":15,"column":0},"end":{"line":15,"column":57}},"7":{"start":{"line":18,"column":0},"end":{"line":18,"column":58}},"8":{"start":{"line":20,"column":0},"end":{"line":20,"column":24}}},"fnMap":{},"branchMap":{},"s":{"0":1,"1":1,"2":1,"3":1,"4":1,"5":1,"6":1,"7":1,"8":1},"f":{},"b":{},"_coverageSchema":"1a1c01bbd47fc00a2c39e90264f33305004495a9","hash":"81a76db1e4ee0a5c831d61110fb92cc60159455a"}
}
