{"C:\\Users\\Usuario\\hotel-management\\database.js": {"path":"C:\\Users\\Usuario\\hotel-management\\database.js","statementMap":{"0":{"start":{"line":2,"column":22},"end":{"line":2,"column":42}},"1":{"start":{"line":3,"column":0},"end":{"line":3,"column":27}},"2":{"start":{"line":5,"column":18},"end":{"line":12,"column":2}},"3":{"start":{"line":14,"column":0},"end":{"line":17,"column":77}},"4":{"start":{"line":16,"column":14},"end":{"line":16,"column":59}},"5":{"start":{"line":17,"column":16},"end":{"line":17,"column":75}},"6":{"start":{"line":19,"column":0},"end":{"line":19,"column":27}}},"fnMap":{"0":{"name":"(anonymous_0)","decl":{"start":{"line":16,"column":8},"end":{"line":16,"column":9}},"loc":{"start":{"line":16,"column":14},"end":{"line":16,"column":59}},"line":16},"1":{"name":"(anonymous_1)","decl":{"start":{"line":17,"column":9},"end":{"line":17,"column":10}},"loc":{"start":{"line":17,"column":16},"end":{"line":17,"column":75}},"line":17}},"branchMap":{"0":{"loc":{"start":{"line":7,"column":11},"end":{"line":7,"column":44}},"type":"binary-expr","locations":[{"start":{"line":7,"column":11},"end":{"line":7,"column":33}},{"start":{"line":7,"column":37},"end":{"line":7,"column":44}}],"line":7}},"s":{"0":1,"1":1,"2":1,"3":1,"4":1,"5":0,"6":1},"f":{"0":1,"1":0},"b":{"0":[1,0]},"_coverageSchema":"1a1c01bbd47fc00a2c39e90264f33305004495a9","hash":"396748b25b75745a3d9438ded1bc428660804af4"}
,"C:\\Users\\Usuario\\hotel-management\\server.js": {"path":"C:\\Users\\Usuario\\hotel-management\\server.js","statementMap":{"0":{"start":{"line":2,"column":16},"end":{"line":2,"column":34}},"1":{"start":{"line":3,"column":12},"end":{"line":3,"column":21}},"2":{"start":{"line":4,"column":11},"end":{"line":4,"column":30}},"3":{"start":{"line":5,"column":23},"end":{"line":5,"column":58}},"4":{"start":{"line":7,"column":0},"end":{"line":7,"column":24}},"5":{"start":{"line":8,"column":0},"end":{"line":8,"column":37}},"6":{"start":{"line":10,"column":13},"end":{"line":10,"column":37}},"7":{"start":{"line":12,"column":0},"end":{"line":21,"column":5}},"8":{"start":{"line":14,"column":4},"end":{"line":14,"column":48}},"9":{"start":{"line":15,"column":4},"end":{"line":17,"column":7}},"10":{"start":{"line":16,"column":6},"end":{"line":16,"column":71}},"11":{"start":{"line":20,"column":4},"end":{"line":20,"column":69}},"12":{"start":{"line":23,"column":0},"end":{"line":23,"column":21}}},"fnMap":{"0":{"name":"(anonymous_0)","decl":{"start":{"line":13,"column":8},"end":{"line":13,"column":9}},"loc":{"start":{"line":13,"column":14},"end":{"line":18,"column":3}},"line":13},"1":{"name":"(anonymous_1)","decl":{"start":{"line":15,"column":21},"end":{"line":15,"column":22}},"loc":{"start":{"line":15,"column":27},"end":{"line":17,"column":5}},"line":15},"2":{"name":"(anonymous_2)","decl":{"start":{"line":19,"column":9},"end":{"line":19,"column":10}},"loc":{"start":{"line":19,"column":18},"end":{"line":21,"column":3}},"line":19}},"branchMap":{"0":{"loc":{"start":{"line":10,"column":13},"end":{"line":10,"column":37}},"type":"binary-expr","locations":[{"start":{"line":10,"column":13},"end":{"line":10,"column":29}},{"start":{"line":10,"column":33},"end":{"line":10,"column":37}}],"line":10},"1":{"loc":{"start":{"line":12,"column":27},"end":{"line":12,"column":73}},"type":"cond-expr","locations":[{"start":{"line":12,"column":61},"end":{"line":12,"column":65}},{"start":{"line":12,"column":68},"end":{"line":12,"column":73}}],"line":12}},"s":{"0":1,"1":1,"2":1,"3":1,"4":1,"5":1,"6":1,"7":1,"8":1,"9":1,"10":1,"11":0,"12":1},"f":{"0":1,"1":1,"2":0},"b":{"0":[1,0],"1":[1,0]},"_coverageSchema":"1a1c01bbd47fc00a2c39e90264f33305004495a9","hash":"ae9f493ff38d34b9cff3690316c5d9fa7579bb4b"}
,"C:\\Users\\Usuario\\hotel-management\\config\\nodemailer.js": {"path":"C:\\Users\\Usuario\\hotel-management\\config\\nodemailer.js","statementMap":{"0":{"start":{"line":2,"column":19},"end":{"line":2,"column":40}},"1":{"start":{"line":3,"column":0},"end":{"line":3,"column":27}},"2":{"start":{"line":5,"column":20},"end":{"line":11,"column":2}},"3":{"start":{"line":13,"column":21},"end":{"line":20,"column":1}},"4":{"start":{"line":14,"column":2},"end":{"line":19,"column":5}},"5":{"start":{"line":22,"column":0},"end":{"line":22,"column":34}}},"fnMap":{"0":{"name":"(anonymous_0)","decl":{"start":{"line":13,"column":21},"end":{"line":13,"column":22}},"loc":{"start":{"line":13,"column":62},"end":{"line":20,"column":1}},"line":13}},"branchMap":{},"s":{"0":1,"1":1,"2":1,"3":1,"4":0,"5":1},"f":{"0":0},"b":{},"_coverageSchema":"1a1c01bbd47fc00a2c39e90264f33305004495a9","hash":"8d894669f09530a518b621fb3141b511189dc996"}
,"C:\\Users\\Usuario\\hotel-management\\middleware\\auth.js": {"path":"C:\\Users\\Usuario\\hotel-management\\middleware\\auth.js","statementMap":{"0":{"start":{"line":2,"column":12},"end":{"line":2,"column":35}},"1":{"start":{"line":4,"column":23},"end":{"line":20,"column":1}},"2":{"start":{"line":6,"column":2},"end":{"line":8,"column":3}},"3":{"start":{"line":7,"column":4},"end":{"line":7,"column":18}},"4":{"start":{"line":10,"column":16},"end":{"line":10,"column":43}},"5":{"start":{"line":11,"column":2},"end":{"line":11,"column":97}},"6":{"start":{"line":11,"column":14},"end":{"line":11,"column":97}},"7":{"start":{"line":13,"column":2},"end":{"line":19,"column":3}},"8":{"start":{"line":14,"column":21},"end":{"line":14,"column":62}},"9":{"start":{"line":15,"column":4},"end":{"line":15,"column":27}},"10":{"start":{"line":16,"column":4},"end":{"line":16,"column":11}},"11":{"start":{"line":18,"column":4},"end":{"line":18,"column":54}},"12":{"start":{"line":22,"column":21},"end":{"line":30,"column":1}},"13":{"start":{"line":22,"column":42},"end":{"line":30,"column":1}},"14":{"start":{"line":24,"column":2},"end":{"line":24,"column":53}},"15":{"start":{"line":24,"column":39},"end":{"line":24,"column":53}},"16":{"start":{"line":26,"column":2},"end":{"line":28,"column":3}},"17":{"start":{"line":27,"column":4},"end":{"line":27,"column":90}},"18":{"start":{"line":29,"column":2},"end":{"line":29,"column":9}},"19":{"start":{"line":32,"column":0},"end":{"line":32,"column":50}}},"fnMap":{"0":{"name":"(anonymous_0)","decl":{"start":{"line":4,"column":23},"end":{"line":4,"column":24}},"loc":{"start":{"line":4,"column":43},"end":{"line":20,"column":1}},"line":4},"1":{"name":"(anonymous_1)","decl":{"start":{"line":22,"column":21},"end":{"line":22,"column":22}},"loc":{"start":{"line":22,"column":42},"end":{"line":30,"column":1}},"line":22},"2":{"name":"(anonymous_2)","decl":{"start":{"line":22,"column":42},"end":{"line":22,"column":43}},"loc":{"start":{"line":22,"column":62},"end":{"line":30,"column":1}},"line":22}},"branchMap":{"0":{"loc":{"start":{"line":6,"column":2},"end":{"line":8,"column":3}},"type":"if","locations":[{"start":{"line":6,"column":2},"end":{"line":8,"column":3}},{"start":{},"end":{}}],"line":6},"1":{"loc":{"start":{"line":11,"column":2},"end":{"line":11,"column":97}},"type":"if","locations":[{"start":{"line":11,"column":2},"end":{"line":11,"column":97}},{"start":{},"end":{}}],"line":11},"2":{"loc":{"start":{"line":24,"column":2},"end":{"line":24,"column":53}},"type":"if","locations":[{"start":{"line":24,"column":2},"end":{"line":24,"column":53}},{"start":{},"end":{}}],"line":24},"3":{"loc":{"start":{"line":26,"column":2},"end":{"line":28,"column":3}},"type":"if","locations":[{"start":{"line":26,"column":2},"end":{"line":28,"column":3}},{"start":{},"end":{}}],"line":26}},"s":{"0":1,"1":1,"2":2,"3":2,"4":0,"5":0,"6":0,"7":0,"8":0,"9":0,"10":0,"11":0,"12":1,"13":0,"14":0,"15":0,"16":0,"17":0,"18":0,"19":1},"f":{"0":2,"1":0,"2":0},"b":{"0":[2,0],"1":[0,0],"2":[0,0],"3":[0,0]},"_coverageSchema":"1a1c01bbd47fc00a2c39e90264f33305004495a9","hash":"ef86fed61775f4676139cfd5e8b7fedd08515ac5"}
,"C:\\Users\\Usuario\\hotel-management\\models\\habitacion.js": {"path":"C:\\Users\\Usuario\\hotel-management\\models\\habitacion.js","statementMap":{"0":{"start":{"line":4,"column":18},"end":{"line":4,"column":38}},"1":{"start":{"line":6,"column":0},"end":{"line":31,"column":2}},"2":{"start":{"line":8,"column":2},"end":{"line":24,"column":4}},"3":{"start":{"line":26,"column":2},"end":{"line":28,"column":4}},"4":{"start":{"line":27,"column":4},"end":{"line":27,"column":87}},"5":{"start":{"line":30,"column":2},"end":{"line":30,"column":20}}},"fnMap":{"0":{"name":"(anonymous_0)","decl":{"start":{"line":6,"column":17},"end":{"line":6,"column":18}},"loc":{"start":{"line":6,"column":43},"end":{"line":31,"column":1}},"line":6},"1":{"name":"(anonymous_1)","decl":{"start":{"line":26,"column":25},"end":{"line":26,"column":26}},"loc":{"start":{"line":26,"column":37},"end":{"line":28,"column":3}},"line":26}},"branchMap":{},"s":{"0":1,"1":1,"2":1,"3":1,"4":1,"5":1},"f":{"0":1,"1":1},"b":{},"_coverageSchema":"1a1c01bbd47fc00a2c39e90264f33305004495a9","hash":"5aac65f45928e29370c8f3e158dc7d92a56da51c"}
,"C:\\Users\\Usuario\\hotel-management\\models\\index.js": {"path":"C:\\Users\\Usuario\\hotel-management\\models\\index.js","statementMap":{"0":{"start":{"line":4,"column":11},"end":{"line":4,"column":24}},"1":{"start":{"line":5,"column":13},"end":{"line":5,"column":28}},"2":{"start":{"line":6,"column":18},"end":{"line":6,"column":38}},"3":{"start":{"line":7,"column":18},"end":{"line":7,"column":40}},"4":{"start":{"line":9,"column":11},"end":{"line":9,"column":13}},"5":{"start":{"line":12,"column":0},"end":{"line":18,"column":5}},"6":{"start":{"line":13,"column":18},"end":{"line":13,"column":61}},"7":{"start":{"line":15,"column":24},"end":{"line":15,"column":59}},"8":{"start":{"line":16,"column":18},"end":{"line":16,"column":61}},"9":{"start":{"line":17,"column":4},"end":{"line":17,"column":27}},"10":{"start":{"line":21,"column":0},"end":{"line":25,"column":3}},"11":{"start":{"line":22,"column":2},"end":{"line":24,"column":3}},"12":{"start":{"line":23,"column":4},"end":{"line":23,"column":32}},"13":{"start":{"line":27,"column":0},"end":{"line":27,"column":25}},"14":{"start":{"line":28,"column":0},"end":{"line":28,"column":25}},"15":{"start":{"line":30,"column":0},"end":{"line":30,"column":20}}},"fnMap":{"0":{"name":"(anonymous_0)","decl":{"start":{"line":13,"column":10},"end":{"line":13,"column":11}},"loc":{"start":{"line":13,"column":18},"end":{"line":13,"column":61}},"line":13},"1":{"name":"(anonymous_1)","decl":{"start":{"line":14,"column":11},"end":{"line":14,"column":12}},"loc":{"start":{"line":14,"column":19},"end":{"line":18,"column":3}},"line":14},"2":{"name":"(anonymous_2)","decl":{"start":{"line":21,"column":24},"end":{"line":21,"column":25}},"loc":{"start":{"line":21,"column":37},"end":{"line":25,"column":1}},"line":21}},"branchMap":{"0":{"loc":{"start":{"line":13,"column":18},"end":{"line":13,"column":61}},"type":"binary-expr","locations":[{"start":{"line":13,"column":18},"end":{"line":13,"column":37}},{"start":{"line":13,"column":41},"end":{"line":13,"column":61}}],"line":13},"1":{"loc":{"start":{"line":22,"column":2},"end":{"line":24,"column":3}},"type":"if","locations":[{"start":{"line":22,"column":2},"end":{"line":24,"column":3}},{"start":{},"end":{}}],"line":22}},"s":{"0":1,"1":1,"2":1,"3":1,"4":1,"5":1,"6":3,"7":2,"8":2,"9":2,"10":1,"11":2,"12":2,"13":1,"14":1,"15":1},"f":{"0":3,"1":2,"2":2},"b":{"0":[3,2],"1":[2,0]},"_coverageSchema":"1a1c01bbd47fc00a2c39e90264f33305004495a9","hash":"9530ae25972f111545fd25a87cc70bfb9603621f"}
,"C:\\Users\\Usuario\\hotel-management\\models\\reserva.js": {"path":"C:\\Users\\Usuario\\hotel-management\\models\\reserva.js","statementMap":{"0":{"start":{"line":4,"column":0},"end":{"line":29,"column":2}},"1":{"start":{"line":7,"column":2},"end":{"line":22,"column":4}},"2":{"start":{"line":24,"column":2},"end":{"line":26,"column":4}},"3":{"start":{"line":25,"column":4},"end":{"line":25,"column":91}},"4":{"start":{"line":28,"column":2},"end":{"line":28,"column":17}}},"fnMap":{"0":{"name":"(anonymous_0)","decl":{"start":{"line":4,"column":17},"end":{"line":4,"column":18}},"loc":{"start":{"line":4,"column":43},"end":{"line":29,"column":1}},"line":4},"1":{"name":"(anonymous_1)","decl":{"start":{"line":24,"column":22},"end":{"line":24,"column":23}},"loc":{"start":{"line":24,"column":34},"end":{"line":26,"column":3}},"line":24}},"branchMap":{},"s":{"0":1,"1":1,"2":1,"3":1,"4":1},"f":{"0":1,"1":1},"b":{},"_coverageSchema":"1a1c01bbd47fc00a2c39e90264f33305004495a9","hash":"992edd893ff9f31d5be7d23b21f549845373d143"}
,"C:\\Users\\Usuario\\hotel-management\\routes\\reservas.routes.js": {"path":"C:\\Users\\Usuario\\hotel-management\\routes\\reservas.routes.js","statementMap":{"0":{"start":{"line":2,"column":16},"end":{"line":2,"column":34}},"1":{"start":{"line":3,"column":15},"end":{"line":3,"column":31}},"2":{"start":{"line":4,"column":27},"end":{"line":4,"column":56}},"3":{"start":{"line":5,"column":32},"end":{"line":5,"column":52}},"4":{"start":{"line":6,"column":25},"end":{"line":6,"column":56}},"5":{"start":{"line":7,"column":15},"end":{"line":7,"column":35}},"6":{"start":{"line":10,"column":0},"end":{"line":35,"column":3}},"7":{"start":{"line":11,"column":2},"end":{"line":34,"column":3}},"8":{"start":{"line":12,"column":89},"end":{"line":12,"column":97}},"9":{"start":{"line":15,"column":23},"end":{"line":15,"column":62}},"10":{"start":{"line":16,"column":4},"end":{"line":18,"column":5}},"11":{"start":{"line":17,"column":6},"end":{"line":17,"column":73}},"12":{"start":{"line":20,"column":25},"end":{"line":20,"column":116}},"13":{"start":{"line":23,"column":4},"end":{"line":23,"column":51}},"14":{"start":{"line":26,"column":4},"end":{"line":28,"column":5}},"15":{"start":{"line":27,"column":6},"end":{"line":27,"column":88}},"16":{"start":{"line":30,"column":4},"end":{"line":30,"column":52}},"17":{"start":{"line":32,"column":4},"end":{"line":32,"column":54}},"18":{"start":{"line":33,"column":4},"end":{"line":33,"column":66}},"19":{"start":{"line":38,"column":0},"end":{"line":48,"column":3}},"20":{"start":{"line":39,"column":2},"end":{"line":47,"column":3}},"21":{"start":{"line":40,"column":20},"end":{"line":40,"column":84}},"22":{"start":{"line":41,"column":4},"end":{"line":41,"column":82}},"23":{"start":{"line":41,"column":18},"end":{"line":41,"column":82}},"24":{"start":{"line":43,"column":4},"end":{"line":43,"column":59}},"25":{"start":{"line":44,"column":4},"end":{"line":44,"column":48}},"26":{"start":{"line":46,"column":4},"end":{"line":46,"column":66}},"27":{"start":{"line":51,"column":0},"end":{"line":61,"column":3}},"28":{"start":{"line":52,"column":2},"end":{"line":60,"column":3}},"29":{"start":{"line":53,"column":20},"end":{"line":53,"column":84}},"30":{"start":{"line":54,"column":4},"end":{"line":54,"column":82}},"31":{"start":{"line":54,"column":18},"end":{"line":54,"column":82}},"32":{"start":{"line":56,"column":4},"end":{"line":56,"column":62}},"33":{"start":{"line":57,"column":4},"end":{"line":57,"column":49}},"34":{"start":{"line":59,"column":4},"end":{"line":59,"column":66}},"35":{"start":{"line":64,"column":0},"end":{"line":72,"column":5}},"36":{"start":{"line":65,"column":4},"end":{"line":71,"column":5}},"37":{"start":{"line":66,"column":23},"end":{"line":66,"column":98}},"38":{"start":{"line":67,"column":6},"end":{"line":67,"column":37}},"39":{"start":{"line":69,"column":6},"end":{"line":69,"column":57}},"40":{"start":{"line":70,"column":6},"end":{"line":70,"column":68}},"41":{"start":{"line":74,"column":0},"end":{"line":74,"column":24}}},"fnMap":{"0":{"name":"(anonymous_0)","decl":{"start":{"line":10,"column":33},"end":{"line":10,"column":34}},"loc":{"start":{"line":10,"column":53},"end":{"line":35,"column":1}},"line":10},"1":{"name":"(anonymous_1)","decl":{"start":{"line":38,"column":43},"end":{"line":38,"column":44}},"loc":{"start":{"line":38,"column":63},"end":{"line":48,"column":1}},"line":38},"2":{"name":"(anonymous_2)","decl":{"start":{"line":51,"column":44},"end":{"line":51,"column":45}},"loc":{"start":{"line":51,"column":64},"end":{"line":61,"column":1}},"line":51},"3":{"name":"(anonymous_3)","decl":{"start":{"line":64,"column":32},"end":{"line":64,"column":33}},"loc":{"start":{"line":64,"column":52},"end":{"line":72,"column":3}},"line":64}},"branchMap":{"0":{"loc":{"start":{"line":16,"column":4},"end":{"line":18,"column":5}},"type":"if","locations":[{"start":{"line":16,"column":4},"end":{"line":18,"column":5}},{"start":{},"end":{}}],"line":16},"1":{"loc":{"start":{"line":16,"column":8},"end":{"line":16,"column":57}},"type":"binary-expr","locations":[{"start":{"line":16,"column":8},"end":{"line":16,"column":19}},{"start":{"line":16,"column":23},"end":{"line":16,"column":57}}],"line":16},"2":{"loc":{"start":{"line":26,"column":4},"end":{"line":28,"column":5}},"type":"if","locations":[{"start":{"line":26,"column":4},"end":{"line":28,"column":5}},{"start":{},"end":{}}],"line":26},"3":{"loc":{"start":{"line":41,"column":4},"end":{"line":41,"column":82}},"type":"if","locations":[{"start":{"line":41,"column":4},"end":{"line":41,"column":82}},{"start":{},"end":{}}],"line":41},"4":{"loc":{"start":{"line":54,"column":4},"end":{"line":54,"column":82}},"type":"if","locations":[{"start":{"line":54,"column":4},"end":{"line":54,"column":82}},{"start":{},"end":{}}],"line":54}},"s":{"0":1,"1":1,"2":1,"3":1,"4":1,"5":1,"6":1,"7":1,"8":1,"9":1,"10":1,"11":0,"12":1,"13":1,"14":1,"15":0,"16":1,"17":0,"18":0,"19":1,"20":0,"21":0,"22":0,"23":0,"24":0,"25":0,"26":0,"27":1,"28":0,"29":0,"30":0,"31":0,"32":0,"33":0,"34":0,"35":1,"36":1,"37":1,"38":1,"39":0,"40":0,"41":1},"f":{"0":1,"1":0,"2":0,"3":1},"b":{"0":[0,1],"1":[1,1],"2":[0,1],"3":[0,0],"4":[0,0]},"_coverageSchema":"1a1c01bbd47fc00a2c39e90264f33305004495a9","hash":"a229b2681ac5677369b7544c0c36ffdf67d57de7"}
}
